<?xml version="1.0" encoding="UTF-8"?>
<persistence version="2.2" xmlns="http://xmlns.jcp.org/xml/ns/persistence" 
xmlns:xsi="http://www.w3.org/2001/XMLSchema-instance" 
xsi:schemaLocation="http://xmlns.jcp.org/xml/ns/persistence http://xmlns.jcp.org/xml/ns/persistence/persistence_2_2.xsd">

	<persistence-unit name="BusLogic_XA_test">
		<jta-data-source>java:jboss/datasources/OracleDS-xa</jta-data-source>
		<exclude-unlisted-classes>false</exclude-unlisted-classes>
		<properties>
			<property name="eclipselink.ddl-generation" value="drop-and-create-tables" />
			<property name="eclipselink.logging.level.sql" value="FINE" />
			<property name="eclipselink.logging.parameters" value="true" />
		</properties>
	</persistence-unit>
	
</persistence>