<?xml version="1.0" encoding="UTF-8"?>
<persistence version="2.2" xmlns="http://xmlns.jcp.org/xml/ns/persistence" 
xmlns:xsi="http://www.w3.org/2001/XMLSchema-instance" 
xsi:schemaLocation="http://xmlns.jcp.org/xml/ns/persistence http://xmlns.jcp.org/xml/ns/persistence/persistence_2_2.xsd">

	<persistence-unit name="BusLogic_XA">
		<!--provider>org.hibernate.ejb.HibernatePersistence</provider-->
		<jta-data-source>java:jboss/datasources/OracleDS-xa</jta-data-source>
		<exclude-unlisted-classes>false</exclude-unlisted-classes>
		<properties>

			<!-- https://docs.oracle.com/javaee/7/tutorial/persistence-intro005.htm -->
			<property name="javax.persistence.schema-generation.database.action"	value="drop-and-create"/>
       		<property name="javax.persistence.schema-generation.create-source"		value="metadata"/>
      
		</properties>
	</persistence-unit>
	
</persistence>